This is pdfTeX, Version 3.14159265-2.6-1.40.20 (TeX Live 2019/Debian) (preloaded format=pdflatex 2021.8.20)  22 AUG 2021 13:44
entering extended mode
 restricted \write18 enabled.
 file:line:error style messages enabled.
 %&-line parsing enabled.
**0Principal.tex
(./0Principal.tex
LaTeX2e <2020-02-02> patch level 2
L3 programming layer <2020-02-14> (/usr/local/share/texmf/tex/latex/coppe/coppe.cls
Document Class: coppe 2020/03/02\ v3.0\ COPPE Dissertations and Thesis
(/usr/share/texlive/texmf-dist/tex/latex/base/book.cls
Document Class: book 2019/12/20 v1.4l Standard LaTeX document class
(/usr/share/texlive/texmf-dist/tex/latex/base/bk12.clo
File: bk12.clo 2019/12/20 v1.4l Standard LaTeX file (size option)
)
\c@part=\count167
\c@chapter=\count168
\c@section=\count169
\c@subsection=\count170
\c@subsubsection=\count171
\c@paragraph=\count172
\c@subparagraph=\count173
\c@figure=\count174
\c@table=\count175
\abovecaptionskip=\skip47
\belowcaptionskip=\skip48
\bibindent=\dimen134
) (/usr/share/texlive/texmf-dist/tex/latex/natbib/natbib.sty
Package: natbib 2010/09/13 8.31b (PWD, AO)
\bibhang=\skip49
\bibsep=\skip50
LaTeX Info: Redefining \cite on input line 694.
\c@NAT@ctr=\count176
) (/usr/share/texlive/texmf-dist/tex/latex/hyphenat/hyphenat.sty
Package: hyphenat 2009/09/02 v2.3c hyphenation utilities
\langwohyphens=\language4
LaTeX Info: Redefining \_ on input line 43.
) (/usr/share/texlive/texmf-dist/tex/latex/lastpage/lastpage.sty
Package: lastpage 2015/03/29 v1.2m Refers to last page's name (HMM; JPG)
) (/usr/share/texlive/texmf-dist/tex/latex/base/ifthen.sty
Package: ifthen 2014/09/29 v1.1c Standard LaTeX ifthen package (DPC)
) (/usr/share/texlive/texmf-dist/tex/latex/graphics/graphicx.sty
Package: graphicx 2019/11/30 v1.2a Enhanced LaTeX Graphics (DPC,SPQR)
 (/usr/share/texlive/texmf-dist/tex/latex/graphics/keyval.sty
Package: keyval 2014/10/28 v1.15 key=value parser (DPC)
\KV@toks@=\toks14
) (/usr/share/texlive/texmf-dist/tex/latex/graphics/graphics.sty
Package: graphics 2019/11/30 v1.4a Standard LaTeX Graphics (DPC,SPQR)
 (/usr/share/texlive/texmf-dist/tex/latex/graphics/trig.sty
Package: trig 2016/01/03 v1.10 sin cos tan (DPC)
) (/usr/share/texlive/texmf-dist/tex/latex/graphics-cfg/graphics.cfg
File: graphics.cfg 2016/06/04 v1.11 sample graphics configuration
)
Package graphics Info: Driver file: pdftex.def on input line 105.
 (/usr/share/texlive/texmf-dist/tex/latex/graphics-def/pdftex.def
File: pdftex.def 2018/01/08 v1.0l Graphics/color driver for pdftex
))
\Gin@req@height=\dimen135
\Gin@req@width=\dimen136
) (/usr/share/texlive/texmf-dist/tex/latex/setspace/setspace.sty
Package: setspace 2011/12/19 v6.7a set line spacing
) (/usr/share/texlive/texmf-dist/tex/latex/tools/tabularx.sty
Package: tabularx 2020/01/15 v2.11c `tabularx' package (DPC)
 (/usr/share/texlive/texmf-dist/tex/latex/tools/array.sty
Package: array 2019/08/31 v2.4l Tabular extension package (FMi)
\col@sep=\dimen137
\ar@mcellbox=\box45
\extrarowheight=\dimen138
\NC@list=\toks15
\extratabsurround=\skip51
\backup@length=\skip52
\ar@cellbox=\box46
)
\TX@col@width=\dimen139
\TX@old@table=\dimen140
\TX@old@col=\dimen141
\TX@target=\dimen142
\TX@delta=\dimen143
\TX@cols=\count177
\TX@ftn=\toks16
) (/usr/share/texlive/texmf-dist/tex/latex/eqparbox/eqparbox.sty
Package: eqparbox 2017/09/03 v4.1 Create equal-widthed boxes
\eqp@tempdima=\skip53
\eqp@tempdimb=\skip54
\eqp@tabular@box=\box47
\eqp@list@box=\box48
\eqp@list@indent=\skip55
 (/usr/share/texlive/texmf-dist/tex/latex/environ/environ.sty
Package: environ 2014/05/04 v0.3 A new way to define environments

(/usr/share/texlive/texmf-dist/tex/latex/trimspaces/trimspaces.sty
Package: trimspaces 2009/09/17 v1.1 Trim spaces around a token list
)
\@envbody=\toks17
)) (/usr/share/texlive/texmf-dist/tex/generic/ltxcmds/ltxcmds.sty
Package: ltxcmds 2019/12/15 v1.24 LaTeX kernel commands for general use (HO)
) (/usr/share/texlive/texmf-dist/tex/latex/base/fontenc.sty
Package: fontenc 2020/02/11 v2.0o Standard LaTeX package
) (/usr/share/texlive/texmf-dist/tex/latex/geometry/geometry.sty
Package: geometry 2020/01/02 v5.9 Page Geometry
 (/usr/share/texlive/texmf-dist/tex/generic/iftex/ifvtex.sty
Package: ifvtex 2019/10/25 v1.7 ifvtex legacy package. Use iftex instead.
 (/usr/share/texlive/texmf-dist/tex/generic/iftex/iftex.sty
Package: iftex 2019/11/07 v1.0c TeX engine tests
))
\Gm@cnth=\count178
\Gm@cntv=\count179
\c@Gm@tempcnt=\count180
\Gm@bindingoffset=\dimen144
\Gm@wd@mp=\dimen145
\Gm@odd@mp=\dimen146
\Gm@even@mp=\dimen147
\Gm@layoutwidth=\dimen148
\Gm@layoutheight=\dimen149
\Gm@layouthoffset=\dimen150
\Gm@layoutvoffset=\dimen151
\Gm@dimlist=\toks18
) (/usr/share/texlive/texmf-dist/tex/generic/babel/babel.sty
Package: babel 2020/02/14 3.40 The Babel package
 (/usr/share/texlive/texmf-dist/tex/generic/babel/switch.def
File: switch.def 2020/02/14 3.40 Babel switching mechanism
) (/usr/share/texlive/texmf-dist/tex/generic/babel-english/english.ldf
Language: english 2017/06/06 v3.3r English support from the babel system
 (/usr/share/texlive/texmf-dist/tex/generic/babel/babel.def
File: babel.def 2020/02/14 3.40 Babel common definitions
\babel@savecnt=\count181
\U@D=\dimen152
 (/usr/share/texlive/texmf-dist/tex/generic/babel/txtbabel.def)
\bbl@readstream=\read2
\bbl@dirlevel=\count182
)
Package babel Info: \l@british = using hyphenrules for english
(babel)             (\language0) on input line 82.
Package babel Info: \l@UKenglish = using hyphenrules for english
(babel)             (\language0) on input line 83.
Package babel Info: \l@canadian = using hyphenrules for english
(babel)             (\language0) on input line 102.
Package babel Info: \l@australian = using hyphenrules for english
(babel)             (\language0) on input line 105.
Package babel Info: \l@newzealand = using hyphenrules for english
(babel)             (\language0) on input line 108.
) (/usr/share/texlive/texmf-dist/tex/generic/babel-portuges/portuges.ldf
Language: portuges 2008/03/18 v1.2q Portuguese support from the babel system
Package babel Info: \l@brazil = using hyphenrules for portuguese
(babel)             (\language3) on input line 113.
Package babel Info: Making " an active character on input line 145.
))
\@advisor=\count183
\@examiner=\count184
\c@keywords=\count185
\bibindent=\dimen153
\recuolongquote=\skip56
) (/usr/share/texlive/texmf-dist/tex/latex/amsmath/amsmath.sty
Package: amsmath 2020/01/20 v2.17e AMS math features
\@mathmargin=\skip57

For additional information on amsmath, use the `?' option.
(/usr/share/texlive/texmf-dist/tex/latex/amsmath/amstext.sty
Package: amstext 2000/06/29 v2.01 AMS text
 (/usr/share/texlive/texmf-dist/tex/latex/amsmath/amsgen.sty
File: amsgen.sty 1999/11/30 v2.0 generic functions
\@emptytoks=\toks19
\ex@=\dimen154
)) (/usr/share/texlive/texmf-dist/tex/latex/amsmath/amsbsy.sty
Package: amsbsy 1999/11/29 v1.2d Bold Symbols
\pmbraise@=\dimen155
) (/usr/share/texlive/texmf-dist/tex/latex/amsmath/amsopn.sty
Package: amsopn 2016/03/08 v2.02 operator names
)
\inf@bad=\count186
LaTeX Info: Redefining \frac on input line 227.
\uproot@=\count187
\leftroot@=\count188
LaTeX Info: Redefining \overline on input line 389.
\classnum@=\count189
\DOTSCASE@=\count190
LaTeX Info: Redefining \ldots on input line 486.
LaTeX Info: Redefining \dots on input line 489.
LaTeX Info: Redefining \cdots on input line 610.
\Mathstrutbox@=\box49
\strutbox@=\box50
\big@size=\dimen156
LaTeX Font Info:    Redeclaring font encoding OML on input line 733.
LaTeX Font Info:    Redeclaring font encoding OMS on input line 734.
\macc@depth=\count191
\c@MaxMatrixCols=\count192
\dotsspace@=\muskip16
\c@parentequation=\count193
\dspbrk@lvl=\count194
\tag@help=\toks20
\row@=\count195
\column@=\count196
\maxfields@=\count197
\andhelp@=\toks21
\eqnshift@=\dimen157
\alignsep@=\dimen158
\tagshift@=\dimen159
\tagwidth@=\dimen160
\totwidth@=\dimen161
\lineht@=\dimen162
\@envbody=\toks22
\multlinegap=\skip58
\multlinetaggap=\skip59
\mathdisplay@stack=\toks23
LaTeX Info: Redefining \[ on input line 2859.
LaTeX Info: Redefining \] on input line 2860.
) (/usr/share/texlive/texmf-dist/tex/latex/amsfonts/amssymb.sty
Package: amssymb 2013/01/14 v3.01 AMS font symbols
 (/usr/share/texlive/texmf-dist/tex/latex/amsfonts/amsfonts.sty
Package: amsfonts 2013/01/14 v3.01 Basic AMSFonts support
\symAMSa=\mathgroup4
\symAMSb=\mathgroup5
LaTeX Font Info:    Redeclaring math symbol \hbar on input line 98.
LaTeX Font Info:    Overwriting math alphabet `\mathfrak' in version `bold'
(Font)                  U/euf/m/n --> U/euf/b/n on input line 106.
)) (/usr/share/texlive/texmf-dist/tex/latex/base/fontenc.sty
Package: fontenc 2020/02/11 v2.0o Standard LaTeX package
) (/usr/share/texmf/tex/latex/tex-gyre/tgtermes.sty
Package: tgtermes 2009/09/27 v1.2 TeX Gyre Termes as default roman family
 (/usr/share/texlive/texmf-dist/tex/latex/kvoptions/kvoptions.sty
Package: kvoptions 2019/11/29 v3.13 Key value format for package options (HO)
 (/usr/share/texlive/texmf-dist/tex/generic/kvsetkeys/kvsetkeys.sty
Package: kvsetkeys 2019/12/15 v1.18 Key value parser (HO)
)))
\@losfile=\write3
\openout3 = `0Principal.syx'.


Writing index of symbols file 0Principal.syx
\@labfile=\write4
\openout4 = `0Principal.abx'.

Writing index of abbreviations file 0Principal.abx
(/usr/share/texlive/texmf-dist/tex/latex/caption/caption.sty
Package: caption 2020/01/03 v3.4h Customizing captions (AR)
 (/usr/share/texlive/texmf-dist/tex/latex/caption/caption3.sty
Package: caption3 2020/01/03 v1.8h caption3 kernel (AR)
Package caption3 Info: TeX engine: e-TeX on input line 61.
\captionmargin=\dimen163
\captionmargin@=\dimen164
\captionwidth=\dimen165
\caption@tempdima=\dimen166
\caption@indent=\dimen167
\caption@parindent=\dimen168
\caption@hangindent=\dimen169
Package caption Info: Standard document class detected.
)
\c@caption@flags=\count198
\c@continuedfloat=\count199
) (/usr/share/texlive/texmf-dist/tex/latex/newfloat/newfloat.sty
Package: newfloat 2019/09/02 v1.1l Defining new floating environments (AR)
Package newfloat Info: Document class `book' detected.
)
Package newfloat Info: New float `grafico' with options `' on input line 20.
\c@grafico=\count266
\newfloat@ftype=\count267
Package newfloat Info: float type `grafico'=8 on input line 20.
Package newfloat Info: New float `quadro' with options `' on input line 23.
\c@quadro=\count268
Package newfloat Info: float type `quadro'=16 on input line 23.
 (/usr/share/texlive/texmf-dist/tex/latex/titlesec/titlesec.sty
Package: titlesec 2019/10/16 v2.13 Sectioning titles
\ttl@box=\box51
\beforetitleunit=\skip60
\aftertitleunit=\skip61
\ttl@plus=\dimen170
\ttl@minus=\dimen171
\ttl@toksa=\toks24
\titlewidth=\dimen172
\titlewidthlast=\dimen173
\titlewidthfirst=\dimen174
) (/usr/share/texlive/texmf-dist/tex/latex/epigraph/epigraph.sty
Package: epigraph 2020/01/02 v1.5e typesetting epigraphs
 (/usr/share/texlive/texmf-dist/tex/latex/nextpage/nextpage.sty
Package: nextpage 2009/09/03 v1.1a additional page commands
)
\beforeepigraphskip=\skip62
\afterepigraphskip=\skip63
\epigraphwidth=\skip64
\epigraphrule=\skip65
) (/usr/share/texlive/texmf-dist/tex/latex/appendix/appendix.sty
Package: appendix 2020/02/08 v1.2c extra appendix facilities
\c@@pps=\count269
\c@@ppsavesec=\count270
\c@@ppsaveapp=\count271
) (/usr/share/texlive/texmf-dist/tex/latex/pdflscape/pdflscape.sty
Package: pdflscape 2019/12/05 v0.12 Display of landscape pages in PDF (HO)
 (/usr/share/texlive/texmf-dist/tex/latex/graphics/lscape.sty
Package: lscape 2000/10/22 v3.01 Landscape Pages (DPC)
)
Package pdflscape Info: Auto-detected driver: pdftex on input line 81.
) (/usr/share/texlive/texmf-dist/tex/latex/tools/longtable.sty
Package: longtable 2020/01/07 v4.13 Multi-page Table package (DPC)
\LTleft=\skip66
\LTright=\skip67
\LTpre=\skip68
\LTpost=\skip69
\LTchunksize=\count272
\LTcapwidth=\dimen175
\LT@head=\box52
\LT@firsthead=\box53
\LT@foot=\box54
\LT@lastfoot=\box55
\LT@cols=\count273
\LT@rows=\count274
\c@LT@tables=\count275
\c@LT@chunks=\count276
\LT@p@ftn=\toks25
) (/usr/share/texlive/texmf-dist/tex/latex/hyperref/hyperref.sty
Package: hyperref 2020/01/14 v7.00d Hypertext links for LaTeX
 (/usr/share/texlive/texmf-dist/tex/latex/pdftexcmds/pdftexcmds.sty
Package: pdftexcmds 2019/11/24 v0.31 Utility functions of pdfTeX for LuaTeX (HO)
 (/usr/share/texlive/texmf-dist/tex/generic/infwarerr/infwarerr.sty
Package: infwarerr 2019/12/03 v1.5 Providing info/warning/error messages (HO)
)
Package pdftexcmds Info: \pdf@primitive is available.
Package pdftexcmds Info: \pdf@ifprimitive is available.
Package pdftexcmds Info: \pdfdraftmode found.
) (/usr/share/texlive/texmf-dist/tex/generic/kvdefinekeys/kvdefinekeys.sty
Package: kvdefinekeys 2019-12-19 v1.6 Define keys (HO)
) (/usr/share/texlive/texmf-dist/tex/generic/pdfescape/pdfescape.sty
Package: pdfescape 2019/12/09 v1.15 Implements pdfTeX's escape features (HO)
)
(/usr/share/texlive/texmf-dist/tex/latex/hycolor/hycolor.sty
Package: hycolor 2020-01-27 v1.10 Color options for hyperref/bookmark (HO)
) (/usr/share/texlive/texmf-dist/tex/latex/letltxmacro/letltxmacro.sty
Package: letltxmacro 2019/12/03 v1.6 Let assignment for LaTeX macros (HO)
) (/usr/share/texlive/texmf-dist/tex/latex/auxhook/auxhook.sty
Package: auxhook 2019-12-17 v1.6 Hooks for auxiliary files (HO)
)
\@linkdim=\dimen176
\Hy@linkcounter=\count277
\Hy@pagecounter=\count278
 (/usr/share/texlive/texmf-dist/tex/latex/hyperref/pd1enc.def
File: pd1enc.def 2020/01/14 v7.00d Hyperref: PDFDocEncoding definition (HO)
Now handling font encoding PD1 ...
... no UTF-8 mapping file for font encoding PD1
) (/usr/share/texlive/texmf-dist/tex/generic/intcalc/intcalc.sty
Package: intcalc 2019/12/15 v1.3 Expandable calculations with integers (HO)
) (/usr/share/texlive/texmf-dist/tex/generic/etexcmds/etexcmds.sty
Package: etexcmds 2019/12/15 v1.7 Avoid name clashes with e-TeX commands (HO)
)
\Hy@SavedSpaceFactor=\count279
\pdfmajorversion=\count280
Package hyperref Info: Hyper figures OFF on input line 4547.
Package hyperref Info: Link nesting OFF on input line 4552.
Package hyperref Info: Hyper index ON on input line 4555.
Package hyperref Info: Plain pages OFF on input line 4562.
Package hyperref Info: Backreferencing ON on input line 4565.
Package hyperref Info: Implicit mode ON; LaTeX internals redefined.
Package hyperref Info: Bookmarks ON on input line 4800.
 (/usr/share/texlive/texmf-dist/tex/latex/hyperref/backref.sty
Package: backref 2020/01/14 v1.40 Bibliographical back referencing
 (/usr/share/texlive/texmf-dist/tex/latex/rerunfilecheck/rerunfilecheck.sty
Package: rerunfilecheck 2019/12/05 v1.9 Rerun checks for auxiliary files (HO)
 (/usr/share/texlive/texmf-dist/tex/latex/atveryend/atveryend.sty
Package: atveryend 2019-12-11 v1.11 Hooks at the very end of document (HO)
Package atveryend Info: \enddocument detected (standard20110627).
) (/usr/share/texlive/texmf-dist/tex/generic/uniquecounter/uniquecounter.sty
Package: uniquecounter 2019/12/15 v1.4 Provide unlimited unique counter (HO)
 (/usr/share/texlive/texmf-dist/tex/generic/bigintcalc/bigintcalc.sty
Package: bigintcalc 2019/12/15 v1.5 Expandable calculations on big integers (HO)
))
Package uniquecounter Info: New unique counter `rerunfilecheck' on input line 286.
))
\c@Hy@tempcnt=\count281
 (/usr/share/texlive/texmf-dist/tex/latex/url/url.sty
\Urlmuskip=\muskip17
Package: url 2013/09/16  ver 3.4  Verb mode for urls, etc.
)
LaTeX Info: Redefining \url on input line 5159.
\XeTeXLinkMargin=\dimen177
 (/usr/share/texlive/texmf-dist/tex/generic/bitset/bitset.sty
Package: bitset 2019/12/09 v1.3 Handle bit-vector datatype (HO)
)
\Fld@menulength=\count282
\Field@Width=\dimen178
\Fld@charsize=\dimen179
Package hyperref Info: Hyper figures OFF on input line 6430.
Package hyperref Info: Link nesting OFF on input line 6435.
Package hyperref Info: Hyper index ON on input line 6438.
Package hyperref Info: backreferencing ON on input line 6443.
Package hyperref Info: Link coloring OFF on input line 6450.
Package hyperref Info: Link coloring with OCG OFF on input line 6455.
Package hyperref Info: PDF/A mode OFF on input line 6460.
LaTeX Info: Redefining \ref on input line 6500.
LaTeX Info: Redefining \pageref on input line 6504.
 (/usr/share/texlive/texmf-dist/tex/generic/atbegshi/atbegshi.sty
Package: atbegshi 2019/12/05 v1.19 At begin shipout hook (HO)
)
\Hy@abspage=\count283
\c@Item=\count284
\c@Hfootnote=\count285
)
Package hyperref Info: Driver (autodetected): hpdftex.
 (/usr/share/texlive/texmf-dist/tex/latex/hyperref/hpdftex.def
File: hpdftex.def 2020/01/14 v7.00d Hyperref driver for pdfTeX
\Fld@listcount=\count286
\c@bookmark@seq@number=\count287
\Hy@SectionHShift=\skip70
)
(/usr/share/texlive/texmf-dist/tex/latex/base/makeidx.sty
Package: makeidx 2014/09/29 v1.0m Standard LaTeX package
)
\@indexfile=\write5
\openout5 = `0Principal.idx'.


Writing index file 0Principal.idx
(/usr/share/texlive/texmf-dist/tex/latex/l3backend/l3backend-pdfmode.def
File: l3backend-pdfmode.def 2020-02-03 L3 backend support: PDF mode
\l__kernel_color_stack_int=\count288
\l__pdf_internal_box=\box56
) (./0Principal.aux (./agradecimentos.aux)

LaTeX Warning: Label `cat:lofflag' multiply defined.


LaTeX Warning: Label `cat:lofflag' multiply defined.

(./1introducao.aux) (./2revisao-bibliografica.aux) (./3design-da-pesquisa.aux) (./4analise.aux

LaTeX Warning: Label `quadro-exemplo' multiply defined.


LaTeX Warning: Label `quadro-exemplo' multiply defined.

) (./5sintese.aux) (./6conclusoes.aux) (./apendicea.aux) (./apendiceb.aux))
\openout1 = `0Principal.aux'.

LaTeX Font Info:    Checking defaults for OML/cmm/m/it on input line 98.
LaTeX Font Info:    ... okay on input line 98.
LaTeX Font Info:    Checking defaults for OMS/cmsy/m/n on input line 98.
LaTeX Font Info:    ... okay on input line 98.
LaTeX Font Info:    Checking defaults for OT1/cmr/m/n on input line 98.
LaTeX Font Info:    ... okay on input line 98.
LaTeX Font Info:    Checking defaults for T1/cmr/m/n on input line 98.
LaTeX Font Info:    ... okay on input line 98.
LaTeX Font Info:    Checking defaults for TS1/cmr/m/n on input line 98.
LaTeX Font Info:    ... okay on input line 98.
LaTeX Font Info:    Checking defaults for OMX/cmex/m/n on input line 98.
LaTeX Font Info:    ... okay on input line 98.
LaTeX Font Info:    Checking defaults for U/cmr/m/n on input line 98.
LaTeX Font Info:    ... okay on input line 98.
LaTeX Font Info:    Checking defaults for PD1/pdf/m/n on input line 98.
LaTeX Font Info:    ... okay on input line 98.
LaTeX Font Info:    Trying to load font information for T1+qtm on input line 98.
 (/usr/share/texmf/tex/latex/tex-gyre/t1qtm.fd
File: t1qtm.fd 2009/09/25 v1.2 font definition file for T1/qtm
)
Package lastpage Info: Please have a look at the pageslts package at
(lastpage)             https://www.ctan.org/pkg/pageslts
(lastpage)             ! on input line 98.
 (/usr/share/texlive/texmf-dist/tex/context/base/mkii/supp-pdf.mkii
[Loading MPS to PDF converter (version 2006.09.02).]
\scratchcounter=\count289
\scratchdimen=\dimen180
\scratchbox=\box57
\nofMPsegments=\count290
\nofMParguments=\count291
\everyMPshowfont=\toks26
\MPscratchCnt=\count292
\MPscratchDim=\dimen181
\MPnumerator=\count293
\makeMPintoPDFobject=\count294
\everyMPtoPDFconversion=\toks27
) (/usr/share/texlive/texmf-dist/tex/latex/epstopdf-pkg/epstopdf-base.sty
Package: epstopdf-base 2020-01-24 v2.11 Base part for package epstopdf
Package epstopdf-base Info: Redefining graphics rule for `.eps' on input line 485.
 (/usr/share/texlive/texmf-dist/tex/latex/latexconfig/epstopdf-sys.cfg
File: epstopdf-sys.cfg 2010/07/13 v1.3 Configuration of (r)epstopdf for TeX Live
))
*geometry* driver: auto-detecting
*geometry* detected driver: pdftex
*geometry* verbose mode - [ preamble ] result:
* driver: pdftex
* paper: a4paper
* layout: <same size as paper>
* layoutoffset:(h,v)=(0.0pt,0.0pt)
* vratio: 1:1
* modes: 
* h-part:(L,W,R)=(85.35826pt, 426.79135pt, 85.35826pt)
* v-part:(T,H,B)=(71.13188pt, 702.78308pt, 71.13188pt)
* \paperwidth=597.50787pt
* \paperheight=845.04684pt
* \textwidth=426.79135pt
* \textheight=702.78308pt
* \oddsidemargin=13.08827pt
* \evensidemargin=13.08827pt
* \topmargin=-33.0119pt
* \headheight=12.0pt
* \headsep=19.8738pt
* \topskip=12.0pt
* \footskip=30.0pt
* \marginparwidth=38.0pt
* \marginparsep=7.0pt
* \columnsep=10.0pt
* \skip\footins=10.8pt plus 4.0pt minus 2.0pt
* \hoffset=0.0pt
* \voffset=0.0pt
* \mag=1000
* \@twocolumnfalse
* \@twosidefalse
* \@mparswitchfalse
* \@reversemarginfalse
* (1in=72.27pt=25.4mm, 1cm=28.453pt)

Package caption Info: Begin \AtBeginDocument code.
Package caption Info: hyperref package is loaded.
Package caption Info: longtable package is loaded.
(/usr/share/texlive/texmf-dist/tex/latex/caption/ltcaption.sty
Package: ltcaption 2018/08/26 v1.4a longtable captions (AR)
)
Package caption Info: End \AtBeginDocument code.
Package backref Info: ** backref set up for natbib ** on input line 98.
\AtBeginShipoutBox=\box58
Package hyperref Info: Link coloring OFF on input line 98.
 (/usr/share/texlive/texmf-dist/tex/latex/hyperref/nameref.sty
Package: nameref 2019/09/16 v2.46 Cross-referencing by name of section
 (/usr/share/texlive/texmf-dist/tex/latex/refcount/refcount.sty
Package: refcount 2019/12/15 v3.6 Data extraction from label references (HO)
) (/usr/share/texlive/texmf-dist/tex/generic/gettitlestring/gettitlestring.sty
Package: gettitlestring 2019/12/15 v1.6 Cleanup title references (HO)
)
\c@section@level=\count295
)
LaTeX Info: Redefining \ref on input line 98.
LaTeX Info: Redefining \pageref on input line 98.
LaTeX Info: Redefining \nameref on input line 98.
 (./0Principal.out) (./0Principal.out)
\@outlinefile=\write6
\openout6 = `0Principal.out'.

Package hyperref Info: Option `breaklinks' set `true' on input line 123.
Package hyperref Info: Option `raiselinks' set `true' on input line 123.
Package hyperref Info: Option `pageanchor' set `true' on input line 123.
<coppe-logo.pdf, id=75, 177.463pt x 76.285pt>
File: coppe-logo.pdf Graphic file (type pdf)
<use coppe-logo.pdf>
Package pdftex.def Info: coppe-logo.pdf  used on input line 123.
(pdftex.def)             Requested size: 177.46255pt x 76.2848pt.

Underfull \hbox (badness 4181) in paragraph at lines 123--123
\T1/qtm/m/n/12 COPPE, da Universidade Federal do Rio de
 []

LaTeX Font Info:    Trying to load font information for U+msa on input line 123.
(/usr/share/texlive/texmf-dist/tex/latex/amsfonts/umsa.fd
File: umsa.fd 2013/01/14 v3.01 AMS symbols A
)
LaTeX Font Info:    Trying to load font information for U+msb on input line 123.
 (/usr/share/texlive/texmf-dist/tex/latex/amsfonts/umsb.fd
File: umsb.fd 2013/01/14 v3.01 AMS symbols B
) [1


{/var/lib/texmf/fonts/map/pdftex/updmap/pdftex.map} </usr/local/share/texmf/tex/latex/coppe/coppe-logo.pdf>]
Underfull \hbox (badness 10000) in paragraph at lines 124--124
\T1/qtm/m/n/12 LUIZ COIMBRA DE P”S-GRADUA«√O E PESQUISA DE ENGENHARIA
 []


Underfull \hbox (badness 2913) in paragraph at lines 124--124
\T1/qtm/m/n/12 DA UNIVERSIDADE FEDERAL DO RIO DE JANEIRO COMO PARTE DOS
 []

[2

]
Underfull \hbox (badness 10000) in paragraph at lines 124--124
[]\T1/qtm/m/n/12 DissertaÁ„o (mestrado) -- UFRJ/COPPE/Programa de
 []

[3

] [4

]
\openout2 = `agradecimentos.aux'.

 (./agradecimentos.tex) [5


] (./resumo-em-portugues.tex [6


]) (./resumo-em-ingles.tex [7]
Underfull \hbox (badness 1394) in paragraph at lines 1--1
[]\T1/qtm/m/n/12 Abstract of Dissertation presented to COPPE/UFRJ as a partial fulfillment of the
 []

) [8

] (./0Principal.toc)
\tf@toc=\write7
\openout7 = `0Principal.toc'.

 [9

] (./0Principal.lof)
\tf@lof=\write8
\openout8 = `0Principal.lof'.

 [10

] (./0Principal.lot
LaTeX Font Info:    Trying to load font information for T1+cmtt on input line 6.
 (/usr/share/texlive/texmf-dist/tex/latex/base/t1cmtt.fd
File: t1cmtt.fd 2019/12/16 v2.5j Standard LaTeX font definitions
))
\tf@lot=\write9
\openout9 = `0Principal.lot'.

 [11

] (./0Principal.lografico)
\tf@lografico=\write10
\openout10 = `0Principal.lografico'.

 [12

] (./0Principal.loquadro)
\tf@loquadro=\write11
\openout11 = `0Principal.loquadro'.

 (./0Principal.los [13

]) (./0Principal.lab [14

]) [15

]
\openout2 = `1introducao.aux'.

 (./1introducao.tex
Cap\'{\i }tulo 1.

Underfull \hbox (badness 1917) in paragraph at lines 30--31
\T1/qtm/m/n/12 ao longo do texto: RSL (Re-vi-s„o Sis-te-m·-tica da Li-te-ra-tura). []. Otor-ri-no-la-rin-
 []


Underfull \hbox (badness 10000) in paragraph at lines 30--31
\T1/qtm/m/n/12 go-lo-gista, Otor-ri-no-la-rin-go-lo-gista, Otor-ri-no-la-rin-go-lo-gista, Otor-ri-no-la-rin-go-lo-gista,
 []


Underfull \hbox (badness 10000) in paragraph at lines 30--31
\T1/qtm/m/n/12 Otor-ri-no-la-rin-go-lo-gista, Otor-ri-no-la-rin-go-lo-gista,Otorrinolaringologista, Otor-ri-no-la-
 []


Underfull \hbox (badness 10000) in paragraph at lines 30--31
\T1/qtm/m/n/12 rin-go-lo-gista, Otor-ri-no-la-rin-go-lo-gista, Otor-ri-no-la-rin-go-lo-gista, Otor-ri-no-la-rin-go-lo-gista,
 []


Underfull \hbox (badness 10000) in paragraph at lines 30--31
\T1/qtm/m/n/12 Otor-ri-no-la-rin-go-lo-gista, Otor-ri-no-la-rin-go-lo-gista, Otor-ri-no-la-rin-go-lo-gista, Otor-ri-no-la-
 []


Underfull \hbox (badness 10000) in paragraph at lines 30--31
\T1/qtm/m/n/12 rin-go-lo-gista, Otor-ri-no-la-rin-go-lo-gista,Otorrinolaringologista, Otor-ri-no-la-rin-go-lo-gista,
 []


Underfull \hbox (badness 10000) in paragraph at lines 30--31
\T1/qtm/m/n/12 Otor-ri-no-la-rin-go-lo-gista, Otor-ri-no-la-rin-go-lo-gista, Otor-ri-no-la-rin-go-lo-gista, Otor-ri-no-
 []


Underfull \hbox (badness 10000) in paragraph at lines 30--31
\T1/qtm/m/n/12 la-rin-go-lo-gista, Otor-ri-no-la-rin-go-lo-gista, Otor-ri-no-la-rin-go-lo-gista, Otor-ri-no-la-rin-go-lo-
 []


Underfull \hbox (badness 10000) in paragraph at lines 30--31
\T1/qtm/m/n/12 gista, Otor-ri-no-la-rin-go-lo-gista,Otorrinolaringologista, Otor-ri-no-la-rin-go-lo-gista, Otor-
 []


Underfull \hbox (badness 10000) in paragraph at lines 30--31
\T1/qtm/m/n/12 ri-no-la-rin-go-lo-gista, Otor-ri-no-la-rin-go-lo-gista, Otor-ri-no-la-rin-go-lo-gista, Otor-ri-no-la-rin-
 []


Underfull \hbox (badness 10000) in paragraph at lines 30--31
\T1/qtm/m/n/12 go-lo-gista, Otor-ri-no-la-rin-go-lo-gista, Otor-ri-no-la-rin-go-lo-gista, Otor-ri-no-la-rin-go-lo-gista,
 []


Underfull \hbox (badness 10000) in paragraph at lines 30--31
\T1/qtm/m/n/12 Otor-ri-no-la-rin-go-lo-gista,Otorrinolaringologista, Otor-ri-no-la-rin-go-lo-gista, Otor-ri-no-la-
 []


Underfull \hbox (badness 10000) in paragraph at lines 30--31
\T1/qtm/m/n/12 rin-go-lo-gista, Otor-ri-no-la-rin-go-lo-gista, Otor-ri-no-la-rin-go-lo-gista, Otor-ri-no-la-rin-go-lo-gista,
 []


Underfull \hbox (badness 10000) in paragraph at lines 30--31
\T1/qtm/m/n/12 Otor-ri-no-la-rin-go-lo-gista, Otor-ri-no-la-rin-go-lo-gista, Otor-ri-no-la-rin-go-lo-gista, Otor-ri-no-la-
 []


Underfull \hbox (badness 10000) in paragraph at lines 30--31
\T1/qtm/m/n/12 rin-go-lo-gista,Otorrinolaringologista, Otor-ri-no-la-rin-go-lo-gista, Otor-ri-no-la-rin-go-lo-gista,
 []


Underfull \hbox (badness 10000) in paragraph at lines 30--31
\T1/qtm/m/n/12 Otor-ri-no-la-rin-go-lo-gista, Otor-ri-no-la-rin-go-lo-gista, Otor-ri-no-la-rin-go-lo-gista, Otor-ri-no-
 []


Underfull \hbox (badness 10000) in paragraph at lines 30--31
\T1/qtm/m/n/12 la-rin-go-lo-gista, Otor-ri-no-la-rin-go-lo-gista, Otor-ri-no-la-rin-go-lo-gista, Otor-ri-no-la-rin-go-lo-
 []

[1



]
<Figuras/figura-exemplo.png, id=205, 503.8825pt x 197.73875pt>
File: Figuras/figura-exemplo.png Graphic file (type png)
<use Figuras/figura-exemplo.png>
Package pdftex.def Info: Figuras/figura-exemplo.png  used on input line 35.
(pdftex.def)             Requested size: 503.88127pt x 197.73827pt.

Underfull \hbox (badness 10000) in paragraph at lines 40--41
[]\T1/qtm/m/n/12 Otorrinolaringologista, Otor-ri-no-la-rin-go-lo-gista, Otor-ri-no-la-rin-go-lo-gista, Otor-ri-
 []


Underfull \hbox (badness 10000) in paragraph at lines 40--41
\T1/qtm/m/n/12 no-la-rin-go-lo-gista, Otor-ri-no-la-rin-go-lo-gista, Otor-ri-no-la-rin-go-lo-gista, Otor-ri-no-la-rin-
 []


Underfull \hbox (badness 10000) in paragraph at lines 40--41
\T1/qtm/m/n/12 go-lo-gista, Otor-ri-no-la-rin-go-lo-gista, Otor-ri-no-la-rin-go-lo-gista,Otorrinolaringologista,
 []


Underfull \hbox (badness 10000) in paragraph at lines 40--41
\T1/qtm/m/n/12 Otor-ri-no-la-rin-go-lo-gista, Otor-ri-no-la-rin-go-lo-gista, Otor-ri-no-la-rin-go-lo-gista, Otor-ri-no-
 []


Underfull \hbox (badness 10000) in paragraph at lines 40--41
\T1/qtm/m/n/12 la-rin-go-lo-gista, Otor-ri-no-la-rin-go-lo-gista, Otor-ri-no-la-rin-go-lo-gista, Otor-ri-no-la-rin-go-lo-
 []


Underfull \hbox (badness 10000) in paragraph at lines 40--41
\T1/qtm/m/n/12 gista, Otor-ri-no-la-rin-go-lo-gista, Otor-ri-no-la-rin-go-lo-gista,Otorrinolaringologista, Otor-
 []


Underfull \hbox (badness 10000) in paragraph at lines 40--41
\T1/qtm/m/n/12 ri-no-la-rin-go-lo-gista, Otor-ri-no-la-rin-go-lo-gista, Otor-ri-no-la-rin-go-lo-gista, Otor-ri-no-la-rin-
 []


Underfull \hbox (badness 10000) in paragraph at lines 40--41
\T1/qtm/m/n/12 go-lo-gista, Otor-ri-no-la-rin-go-lo-gista, Otor-ri-no-la-rin-go-lo-gista, Otor-ri-no-la-rin-go-lo-gista,
 []


Underfull \hbox (badness 10000) in paragraph at lines 40--41
\T1/qtm/m/n/12 Otor-ri-no-la-rin-go-lo-gista, Otor-ri-no-la-rin-go-lo-gista,Otorrinolaringologista, Otor-ri-no-la-
 []


Underfull \hbox (badness 10000) in paragraph at lines 40--41
\T1/qtm/m/n/12 rin-go-lo-gista, Otor-ri-no-la-rin-go-lo-gista, Otor-ri-no-la-rin-go-lo-gista, Otor-ri-no-la-rin-go-lo-gista,
 []


Underfull \hbox (badness 10000) in paragraph at lines 40--41
\T1/qtm/m/n/12 Otor-ri-no-la-rin-go-lo-gista, Otor-ri-no-la-rin-go-lo-gista, Otor-ri-no-la-rin-go-lo-gista, Otor-ri-no-
 []


Underfull \hbox (badness 10000) in paragraph at lines 40--41
\T1/qtm/m/n/12 la-rin-go-lo-gista, Otor-ri-no-la-rin-go-lo-gista,Otorrinolaringologista, Otor-ri-no-la-rin-go-lo-
 []


Underfull \hbox (badness 7099) in paragraph at lines 40--41
\T1/qtm/m/n/12 gista, Otor-ri-no-la-rin-go-lo-gista, Otor-ri-no-la-rin-go-lo-gista, Otor-ri-no-la-rin-go-lo-gista, Otor-
 []


Underfull \hbox (badness 10000) in paragraph at lines 40--41
\T1/qtm/m/n/12 ri-no-la-rin-go-lo-gista, Otor-ri-no-la-rin-go-lo-gista, Otor-ri-no-la-rin-go-lo-gista, Otor-ri-no-la-rin-
 []


Underfull \hbox (badness 10000) in paragraph at lines 40--41
\T1/qtm/m/n/12 go-lo-gista, Otor-ri-no-la-rin-go-lo-gista,Otorrinolaringologista, Otor-ri-no-la-rin-go-lo-gista,
 []


Underfull \hbox (badness 10000) in paragraph at lines 40--41
\T1/qtm/m/n/12 Otor-ri-no-la-rin-go-lo-gista, Otor-ri-no-la-rin-go-lo-gista, Otor-ri-no-la-rin-go-lo-gista, Otor-ri-no-
 []


Underfull \hbox (badness 10000) in paragraph at lines 40--41
\T1/qtm/m/n/12 la-rin-go-lo-gista, Otor-ri-no-la-rin-go-lo-gista, Otor-ri-no-la-rin-go-lo-gista, Otor-ri-no-la-rin-go-lo-
 []


Underfull \hbox (badness 10000) in paragraph at lines 40--41
\T1/qtm/m/n/12 gista, Otor-ri-no-la-rin-go-lo-gista,Otorrinolaringologista, Otor-ri-no-la-rin-go-lo-gista, Otor-
 []


Underfull \hbox (badness 10000) in paragraph at lines 40--41
\T1/qtm/m/n/12 ri-no-la-rin-go-lo-gista, Otor-ri-no-la-rin-go-lo-gista, Otor-ri-no-la-rin-go-lo-gista, Otor-ri-no-la-rin-
 []


Underfull \hbox (badness 10000) in paragraph at lines 40--41
\T1/qtm/m/n/12 go-lo-gista, Otor-ri-no-la-rin-go-lo-gista, Otor-ri-no-la-rin-go-lo-gista, Otor-ri-no-la-rin-go-lo-gista,
 []


Underfull \hbox (badness 10000) in paragraph at lines 40--41
\T1/qtm/m/n/12 Otor-ri-no-la-rin-go-lo-gista,Otorrinolaringologista, Otor-ri-no-la-rin-go-lo-gista, Otor-ri-no-la-
 []


Underfull \hbox (badness 10000) in paragraph at lines 40--41
\T1/qtm/m/n/12 rin-go-lo-gista, Otor-ri-no-la-rin-go-lo-gista, Otor-ri-no-la-rin-go-lo-gista, Otor-ri-no-la-rin-go-lo-gista,
 []


Underfull \hbox (badness 10000) in paragraph at lines 40--41
\T1/qtm/m/n/12 Otor-ri-no-la-rin-go-lo-gista, Otor-ri-no-la-rin-go-lo-gista, Otor-ri-no-la-rin-go-lo-gista, Otor-ri-no-la-
 []


Underfull \hbox (badness 10000) in paragraph at lines 40--41
\T1/qtm/m/n/12 rin-go-lo-gista,Otorrinolaringologista, Otor-ri-no-la-rin-go-lo-gista, Otor-ri-no-la-rin-go-lo-gista,
 []


Underfull \hbox (badness 10000) in paragraph at lines 40--41
\T1/qtm/m/n/12 Otor-ri-no-la-rin-go-lo-gista, Otor-ri-no-la-rin-go-lo-gista, Otor-ri-no-la-rin-go-lo-gista, Otor-ri-no-
 []


Underfull \hbox (badness 10000) in paragraph at lines 40--41
\T1/qtm/m/n/12 la-rin-go-lo-gista, Otor-ri-no-la-rin-go-lo-gista, Otor-ri-no-la-rin-go-lo-gista, Otor-ri-no-la-rin-go-lo-
 []

[2 <./Figuras/figura-exemplo.png>]
Package hyperref Info: bookmark level for unknown grafico defaults to 0 on input line 44.
<Gr√°ficos/grafico-exemplo.png, id=212, 503.8825pt x 258.9675pt>
File: Gr√°ficos/grafico-exemplo.png Graphic file (type png)
<use Gr√°ficos/grafico-exemplo.png>
Package pdftex.def Info: Gr√°ficos/grafico-exemplo.png  used on input line 45.
(pdftex.def)             Requested size: 503.88127pt x 258.96684pt.
) [3 <./Gr√°ficos/grafico-exemplo.png>]
\openout2 = `2revisao-bibliografica.aux'.

 (./2revisao-bibliografica.tex
Cap\'{\i }tulo 2.
) [4



]
\openout2 = `3design-da-pesquisa.aux'.

 (./3design-da-pesquisa.tex
Cap\'{\i }tulo 3.
[5



] [6] [7]
Package hyperref Info: bookmark level for unknown quadro defaults to 0 on input line 38.
<Quadros/quadro-exemplo.png, id=265, 511.9125pt x 223.83624pt>
File: Quadros/quadro-exemplo.png Graphic file (type png)
<use Quadros/quadro-exemplo.png>
Package pdftex.def Info: Quadros/quadro-exemplo.png  used on input line 39.
(pdftex.def)             Requested size: 511.91125pt x 223.8357pt.
 [8] [9 <./Quadros/quadro-exemplo.png>] [10]
<Quadros/quadro-exemplo2.png, id=280, 1344.02126pt x 768.8725pt>
File: Quadros/quadro-exemplo2.png Graphic file (type png)
<use Quadros/quadro-exemplo2.png>
Package pdftex.def Info: Quadros/quadro-exemplo2.png  used on input line 62.
(pdftex.def)             Requested size: 569.05838pt x 426.79968pt.


LaTeX Warning: Float too large for page by 53.35835pt on input line 65.

[11 <./Quadros/quadro-exemplo2.png>]
Overfull \hbox (25.19997pt too wide) in alignment at lines 74--89
 [] [] 
 []


Underfull \vbox (badness 10000) detected at line 89
 []

[12


]) [13]
\openout2 = `4analise.aux'.

 (./4analise.tex
Cap\'{\i }tulo 4.
[14



] [15] [16] [17

]) [18

]
\openout2 = `5sintese.aux'.

 (./5sintese.tex
Cap\'{\i }tulo 5.
) [19



]
\openout2 = `6conclusoes.aux'.

 (./6conclusoes.tex
Cap\'{\i }tulo 6.
) [20



] (./0Principal.bbl (./0Principal.brf)
\tf@brf=\write12
\openout12 = `0Principal.brf'.

) [21



]
\openout2 = `apendicea.aux'.

 (./apendicea.tex
Ap\^endice A.
) [22


]
\openout2 = `apendiceb.aux'.

 (./apendiceb.tex
Ap\^endice B.
) [23



] (./0Principal.ind [24



]) 
AED: lastpage setting LastPage
Package atveryend Info: Empty hook `BeforeClearDocument' on input line 187.
Package atveryend Info: Empty hook `AfterLastShipout' on input line 187.
(./0Principal.aux (./agradecimentos.aux) (./1introducao.aux) (./2revisao-bibliografica.aux) (./3design-da-pesquisa.aux) (./4analise.aux) (./5sintese.aux) (./6conclusoes.aux) (./apendicea.aux) (./apendiceb.aux))
Package atveryend Info: Executing hook `AtVeryEndDocument' on input line 187.
Package atveryend Info: Executing hook `AtEndAfterFileList' on input line 187.
Package rerunfilecheck Info: File `0Principal.out' has not changed.
(rerunfilecheck)             Checksum: 169DD6242FCD6ED9AA632D64CFC982B7;1007.
Package rerunfilecheck Info: File `0Principal.brf' has not changed.
(rerunfilecheck)             Checksum: 913AE664C3C8795B0A8C57576455B642;1101.


LaTeX Warning: There were multiply-defined labels.

Package atveryend Info: Empty hook `AtVeryVeryEnd' on input line 187.
 ) 
Here is how much of TeX's memory you used:
 10846 strings out of 483163
 162195 string characters out of 5965511
 455622 words of memory out of 5000000
 25443 multiletter control sequences out of 15000+600000
 584269 words of font info for 74 fonts, out of 8000000 for 9000
 16 hyphenation exceptions out of 8191
 47i,11n,53p,2263b,447s stack positions out of 5000i,500n,10000p,200000b,80000s
{/usr/share/texmf/fonts/enc/dvips/cm-super/cm-super-t1.enc}{/usr/share/texmf/fonts/enc/dvips/tex-gyre/q-ec.enc}</usr/share/texlive/texmf-dist/fonts/type1/public/amsfonts/cm/cmmi12.pfb></usr/share/texlive/texmf-dist/fonts/type1/public/amsfonts/cm/cmr12.pfb></usr/share/texlive/texmf-dist/fonts/type1/public/amsfonts/cm/cmsy10.pfb></usr/share/texlive/texmf-dist/fonts/type1/public/amsfonts/symbols/msbm10.pfb></usr/share/texmf/fonts/type1/public/tex-gyre/qtmb.pfb></usr/share/texmf/fonts/type1/public/tex-gyre/qtmr.pfb></usr/share/texmf/fonts/type1/public/tex-gyre/qtmri.pfb></usr/share/texmf/fonts/type1/public/cm-super/sftt1000.pfb></usr/share/texmf/fonts/type1/public/cm-super/sftt1200.pfb>
Output written on 0Principal.pdf (39 pages, 416505 bytes).
PDF statistics:
 410 PDF objects out of 1000 (max. 8388607)
 347 compressed objects within 4 object streams
 80 named destinations out of 1000 (max. 500000)
 170 words of extra memory for PDF output out of 10000 (max. 10000000)

